# JRE version: OpenJDK Runtime Environment (21.0.9) (build 21.0.9+-14787801-b1163.94)
# Java VM: OpenJDK 64-Bit Server VM (21.0.9+-14787801-b1163.94, mixed mode, tiered, compressed oops, compressed class ptrs, g1 gc, windows-amd64)
GC Precious Log:
 CardTable entry size: 512
 Card Set container configuration: InlinePtr #cards 4 size 8 Array Of Cards #cards 16 size 48 Howl #buckets 8 coarsen threshold 3686 Howl Bitmap #cards 512 size 80 coarsen threshold 460 Card regions per heap region 1 cards per card region 4096
 CPUs: 8 total, 8 available
 Memory: 6060M
 Large Page Support: Disabled
 NUMA Support: Disabled
 Compressed Oops: Enabled (Zero based)
 Heap Region Size: 2M
 Heap Min Capacity: 8M
 Heap Initial Capacity: 96M
 Heap Max Capacity: 4G
 Pre-touch: Disabled
 Parallel Workers: 8
 Concurrent Workers: 2
 Concurrent Refinement Workers: 8
 Periodic GC: Disabled
Heap:
 garbage-first heap   total 788480K, used 436682K [0x0000000700000000, 0x0000000800000000)
  region size 2048K, 125 young (256000K), 14 survivors (28672K)
 Metaspace       used 153423K, committed 155840K, reserved 1245184K
  class space    used 19958K, committed 21120K, reserved 1048576K
GC Heap History (20 events):
Event: 90.186 GC heap before
{Heap before GC invocations=94 (full 0):
 garbage-first heap   total 620544K, used 551946K [0x0000000700000000, 0x0000000800000000)
  region size 2048K, 181 young (370688K), 8 survivors (16384K)
 Metaspace       used 153098K, committed 155456K, reserved 1245184K
  class space    used 19921K, committed 21056K, reserved 1048576K
}
Event: 90.222 GC heap after
{Heap after GC invocations=95 (full 0):
 garbage-first heap   total 620544K, used 202863K [0x0000000700000000, 0x0000000800000000)
  region size 2048K, 10 young (20480K), 10 survivors (20480K)
 Metaspace       used 153098K, committed 155456K, reserved 1245184K
  class space    used 19921K, committed 21056K, reserved 1048576K
}
Event: 91.354 GC heap before
{Heap before GC invocations=95 (full 0):
 garbage-first heap   total 620544K, used 551023K [0x0000000700000000, 0x0000000800000000)
  region size 2048K, 181 young (370688K), 10 survivors (20480K)
 Metaspace       used 153143K, committed 155456K, reserved 1245184K
  class space    used 19921K, committed 21056K, reserved 1048576K
}
Event: 91.418 GC heap after
{Heap after GC invocations=96 (full 0):
 garbage-first heap   total 620544K, used 202915K [0x0000000700000000, 0x0000000800000000)
  region size 2048K, 11 young (22528K), 11 survivors (22528K)
 Metaspace       used 153143K, committed 155456K, reserved 1245184K
  class space    used 19921K, committed 21056K, reserved 1048576K
}
Event: 92.268 GC heap before
{Heap before GC invocations=96 (full 0):
 garbage-first heap   total 620544K, used 549027K [0x0000000700000000, 0x0000000800000000)
  region size 2048K, 181 young (370688K), 11 survivors (22528K)
 Metaspace       used 153149K, committed 155456K, reserved 1245184K
  class space    used 19923K, committed 21056K, reserved 1048576K
}
Event: 92.296 GC heap after
{Heap after GC invocations=97 (full 0):
 garbage-first heap   total 620544K, used 210055K [0x0000000700000000, 0x0000000800000000)
  region size 2048K, 14 young (28672K), 14 survivors (28672K)
 Metaspace       used 153149K, committed 155456K, reserved 1245184K
  class space    used 19923K, committed 21056K, reserved 1048576K
}
Event: 94.107 GC heap before
{Heap before GC invocations=97 (full 0):
 garbage-first heap   total 620544K, used 554119K [0x0000000700000000, 0x0000000800000000)
  region size 2048K, 181 young (370688K), 14 survivors (28672K)
 Metaspace       used 153166K, committed 155456K, reserved 1245184K
  class space    used 19923K, committed 21056K, reserved 1048576K
}
Event: 94.190 GC heap after
{Heap after GC invocations=98 (full 0):
 garbage-first heap   total 620544K, used 205295K [0x0000000700000000, 0x0000000800000000)
  region size 2048K, 8 young (16384K), 8 survivors (16384K)
 Metaspace       used 153166K, committed 155456K, reserved 1245184K
  class space    used 19923K, committed 21056K, reserved 1048576K
}
Event: 95.850 GC heap before
{Heap before GC invocations=98 (full 0):
 garbage-first heap   total 620544K, used 557551K [0x0000000700000000, 0x0000000800000000)
  region size 2048K, 181 young (370688K), 8 survivors (16384K)
 Metaspace       used 153167K, committed 155456K, reserved 1245184K
  class space    used 19923K, committed 21056K, reserved 1048576K
}
Event: 95.935 GC heap after
{Heap after GC invocations=99 (full 0):
 garbage-first heap   total 788480K, used 206227K [0x0000000700000000, 0x0000000800000000)
  region size 2048K, 8 young (16384K), 8 survivors (16384K)
 Metaspace       used 153167K, committed 155456K, reserved 1245184K
  class space    used 19923K, committed 21056K, reserved 1048576K
}
Event: 98.815 GC heap before
{Heap before GC invocations=99 (full 0):
 garbage-first heap   total 788480K, used 660883K [0x0000000700000000, 0x0000000800000000)
  region size 2048K, 231 young (473088K), 8 survivors (16384K)
 Metaspace       used 153187K, committed 155520K, reserved 1245184K
  class space    used 19923K, committed 21056K, reserved 1048576K
}
Event: 98.876 GC heap after
{Heap after GC invocations=100 (full 0):
 garbage-first heap   total 788480K, used 210660K [0x0000000700000000, 0x0000000800000000)
  region size 2048K, 11 young (22528K), 11 survivors (22528K)
 Metaspace       used 153187K, committed 155520K, reserved 1245184K
  class space    used 19923K, committed 21056K, reserved 1048576K
}
Event: 102.327 GC heap before
{Heap before GC invocations=100 (full 0):
 garbage-first heap   total 788480K, used 659172K [0x0000000700000000, 0x0000000800000000)
  region size 2048K, 231 young (473088K), 11 survivors (22528K)
 Metaspace       used 153296K, committed 155584K, reserved 1245184K
  class space    used 19939K, committed 21056K, reserved 1048576K
}
Event: 102.377 GC heap after
{Heap after GC invocations=101 (full 0):
 garbage-first heap   total 788480K, used 211121K [0x0000000700000000, 0x0000000800000000)
  region size 2048K, 11 young (22528K), 11 survivors (22528K)
 Metaspace       used 153296K, committed 155584K, reserved 1245184K
  class space    used 19939K, committed 21056K, reserved 1048576K
}
Event: 113.680 GC heap before
{Heap before GC invocations=101 (full 0):
 garbage-first heap   total 788480K, used 661681K [0x0000000700000000, 0x0000000800000000)
  region size 2048K, 231 young (473088K), 11 survivors (22528K)
 Metaspace       used 153316K, committed 155584K, reserved 1245184K
  class space    used 19939K, committed 21056K, reserved 1048576K
}
Event: 113.885 GC heap after
{Heap after GC invocations=102 (full 0):
 garbage-first heap   total 788480K, used 213219K [0x0000000700000000, 0x0000000800000000)
  region size 2048K, 12 young (24576K), 12 survivors (24576K)
 Metaspace       used 153316K, committed 155584K, reserved 1245184K
  class space    used 19939K, committed 21056K, reserved 1048576K
}
Event: 117.472 GC heap before
{Heap before GC invocations=102 (full 0):
 garbage-first heap   total 788480K, used 661731K [0x0000000700000000, 0x0000000800000000)
  region size 2048K, 231 young (473088K), 12 survivors (24576K)
 Metaspace       used 153317K, committed 155584K, reserved 1245184K
  class space    used 19939K, committed 21056K, reserved 1048576K
}
Event: 117.550 GC heap after
{Heap after GC invocations=103 (full 0):
 garbage-first heap   total 788480K, used 216338K [0x0000000700000000, 0x0000000800000000)
  region size 2048K, 13 young (26624K), 13 survivors (26624K)
 Metaspace       used 153317K, committed 155584K, reserved 1245184K
  class space    used 19939K, committed 21056K, reserved 1048576K
}
Event: 120.572 GC heap before
{Heap before GC invocations=103 (full 0):
 garbage-first heap   total 788480K, used 662802K [0x0000000700000000, 0x0000000800000000)
  region size 2048K, 231 young (473088K), 13 survivors (26624K)
 Metaspace       used 153318K, committed 155584K, reserved 1245184K
  class space    used 19939K, committed 21056K, reserved 1048576K
}
Event: 120.627 GC heap after
{Heap after GC invocations=104 (full 0):
 garbage-first heap   total 788480K, used 213450K [0x0000000700000000, 0x0000000800000000)
  region size 2048K, 14 young (28672K), 14 survivors (28672K)
 Metaspace       used 153318K, committed 155584K, reserved 1245184K
  class space    used 19939K, committed 21056K, reserved 1048576K
}

